
/home/runner/work/exp-izod-impact-testing-iitk/exp-izod-impact-testing-iitk/experiment/simulation/js/components.js
    1:10  warning  'MIT' is defined but never used                 no-unused-vars
   11:7   warning  'yMovement' is assigned a value but never used  no-unused-vars
   16:22  warning  'ContextMenu' is not defined                    no-undef
   16:43  warning  'ContextMenu' is not defined                    no-undef
   55:23  warning  'ContextMenu' is not defined                    no-undef
   67:5   warning  'x' is not defined                              no-undef
   68:5   warning  'y' is not defined                              no-undef
   70:28  warning  'x' is not defined                              no-undef
   70:31  warning  'y' is not defined                              no-undef
   93:16  warning  'y' is not defined                              no-undef
   94:16  warning  'x' is not defined                              no-undef
   96:18  warning  'x' is not defined                              no-undef
  195:5   warning  'boundary' is not defined                       no-undef
  204:13  warning  'boundary' is not defined                       no-undef
  204:34  warning  'boundary' is not defined                       no-undef
  204:55  warning  'boundary' is not defined                       no-undef
  204:76  warning  'boundary' is not defined                       no-undef
  216:12  warning  'drawLine' is defined but never used            no-unused-vars
  223:27  warning  'event' is defined but never used               no-unused-vars
  236:29  warning  'event' is defined but never used               no-unused-vars
  245:11  warning  'rect' is assigned a value but never used       no-unused-vars
  292:23  warning  'ContextMenu' is not defined                    no-undef
  317:23  warning  'ContextMenu' is not defined                    no-undef
  326:15  warning  'sample' is not defined                         no-undef
  355:7   warning  'config' is not defined                         no-undef
  382:10  warning  'Sample' is defined but never used              no-unused-vars
  385:5   warning  'assetPath' is assigned a value but never used  no-unused-vars
  385:17  warning  'SAMPLE_ASSETS_PATH' is not defined             no-undef
  402:22  warning  'ContextMenu' is not defined                    no-undef
  402:43  warning  'ContextMenu' is not defined                    no-undef
  404:25  warning  'ContextMenu' is not defined                    no-undef
  404:50  warning  'ContextMenu' is not defined                    no-undef
  429:23  warning  'ContextMenu' is not defined                    no-undef
  437:5   warning  'x' is not defined                              no-undef
  438:5   warning  'y' is not defined                              no-undef
  441:7   warning  'x' is not defined                              no-undef
  441:12  warning  'x' is not defined                              no-undef
  442:7   warning  'y' is not defined                              no-undef
  442:12  warning  'y' is not defined                              no-undef
  462:34  warning  'x' is not defined                              no-undef
  462:37  warning  'y' is not defined                              no-undef
  472:9   warning  'step' is not defined                           no-undef
  473:22  warning  'step' is not defined                           no-undef
  484:9   warning  'step' is not defined                           no-undef
  485:22  warning  'step' is not defined                           no-undef
  499:7   warning  'boundary' is not defined                       no-undef
  506:7   warning  'boundary' is not defined                       no-undef
  516:13  warning  'boundary' is not defined                       no-undef
  516:34  warning  'boundary' is not defined                       no-undef
  516:55  warning  'boundary' is not defined                       no-undef
  516:76  warning  'boundary' is not defined                       no-undef
  528:27  warning  'event' is defined but never used               no-unused-vars
  543:11  warning  'mit' is not defined                            no-undef
  543:18  warning  'mit' is not defined                            no-undef
  543:36  warning  'mit' is not defined                            no-undef
  544:9   warning  'mit' is not defined                            no-undef
  592:23  warning  'ContextMenu' is not defined                    no-undef
  595:20  warning  'destory' is not defined                        no-undef

/home/runner/work/exp-izod-impact-testing-iitk/exp-izod-impact-testing-iitk/experiment/simulation/js/context.js
  1:7  warning  'ContextMenu' is defined but never used  no-unused-vars

/home/runner/work/exp-izod-impact-testing-iitk/exp-izod-impact-testing-iitk/experiment/simulation/js/index.js
    2:7   warning  'totalSteps' is assigned a value but never used                   no-unused-vars
    3:7   warning  'DATA_UPDATE_ANIMATION_DELAY' is assigned a value but never used  no-unused-vars
   23:5   warning  'currPos' is assigned a value but never used                      no-unused-vars
   25:5   warning  'sampleLength' is assigned a value but never used                 no-unused-vars
   26:5   warning  'sampleDiameter' is assigned a value but never used               no-unused-vars
   27:5   warning  'sampleFinalLength' is assigned a value but never used            no-unused-vars
   28:5   warning  'sampleFinalDiameter' is assigned a value but never used          no-unused-vars
   39:10  warning  'handle' is defined but never used                                no-unused-vars
   44:10  warning  'handleStep1' is defined but never used                           no-unused-vars
   56:10  warning  'handleStep2' is defined but never used                           no-unused-vars
   59:8   warning  'mit' is not defined                                              no-undef
   86:7   warning  'mode' is assigned a value but never used                         no-unused-vars
   92:39  warning  'e' is defined but never used                                     no-unused-vars
   93:5   warning  'mit' is not defined                                              no-undef
   99:39  warning  'e' is defined but never used                                     no-unused-vars
  103:7   warning  'mit' is not defined                                              no-undef
  135:10  warning  'handleStep3' is defined but never used                           no-unused-vars
  148:10  warning  'handleStep4' is defined but never used                           no-unused-vars
  204:3   warning  'modal' is not defined                                            no-undef
  204:15  warning  'Modal' is not defined                                            no-undef
  303:3   warning  'modal' is not defined                                            no-undef
  321:10  warning  'plotGraph' is defined but never used                             no-unused-vars
  328:38  warning  'Chart' is not defined                                            no-undef

/home/runner/work/exp-izod-impact-testing-iitk/exp-izod-impact-testing-iitk/experiment/simulation/js/main.js
   11:5   warning  'vc' is assigned a value but never used              no-unused-vars
   13:5   warning  'samplePath' is assigned a value but never used      no-unused-vars
   14:5   warning  'CURRENT_SAMPLE' is assigned a value but never used  no-unused-vars
   24:9   warning  'MIT' is not defined                                 no-undef
   26:12  warning  'Sample' is not defined                              no-undef
   59:10  warning  'i' is not defined                                   no-undef
   59:18  warning  'i' is not defined                                   no-undef
   59:36  warning  'i' is not defined                                   no-undef
   60:12  warning  'j' is not defined                                   no-undef
   60:20  warning  'j' is not defined                                   no-undef
   60:39  warning  'j' is not defined                                   no-undef
   61:22  warning  'i' is not defined                                   no-undef
   61:25  warning  'j' is not defined                                   no-undef
  133:24  warning  'event' is defined but never used                    no-unused-vars
  168:5   warning  'img' is not defined                                 no-undef
  169:5   warning  'img' is not defined                                 no-undef
  170:5   warning  'img' is not defined                                 no-undef
  171:5   warning  'img' is not defined                                 no-undef
  172:33  warning  'img' is not defined                                 no-undef
  173:24  warning  'img' is not defined                                 no-undef
  187:40  warning  'e' is defined but never used                        no-unused-vars
  238:10  warning  'loadSample' is defined but never used               no-unused-vars

/home/runner/work/exp-izod-impact-testing-iitk/exp-izod-impact-testing-iitk/experiment/simulation/js/model.js
    4:7   warning  'Modal' is defined but never used  no-unused-vars
  106:40  warning  'e' is defined but never used      no-unused-vars
  117:40  warning  'e' is defined but never used      no-unused-vars
  128:40  warning  'e' is defined but never used      no-unused-vars

✖ 108 problems (0 errors, 108 warnings)

